<?xml version="1.0" encoding="UTF-8"?>
<!-- Generated by org.testng.reporters.JUnitReportReporter -->
<testsuite hostname="DESKTOP-O19A3MT" failures="0" tests="1" name="com.ShoppersStack_TestScript.Tc_002_VerifyUserAbleTo_DeleteAdress" time="24.720" errors="0" timestamp="2024-11-16T08:59:16 IST" skipped="0">
  <testcase classname="com.ShoppersStack_TestScript.Tc_002_VerifyUserAbleTo_DeleteAdress" name="deleteAdress" time="24.720"/>
</testsuite> <!-- com.ShoppersStack_TestScript.Tc_002_VerifyUserAbleTo_DeleteAdress -->
